[2022-08-13 08:41:17,016] {taskinstance.py:1179} INFO - Dependencies all met for <TaskInstance: craw.cr2 manual__2022-08-13T08:41:12.085877+00:00 [queued]>
[2022-08-13 08:41:17,058] {taskinstance.py:1179} INFO - Dependencies all met for <TaskInstance: craw.cr2 manual__2022-08-13T08:41:12.085877+00:00 [queued]>
[2022-08-13 08:41:17,067] {taskinstance.py:1376} INFO - 
--------------------------------------------------------------------------------
[2022-08-13 08:41:17,069] {taskinstance.py:1377} INFO - Starting attempt 1 of 2
[2022-08-13 08:41:17,071] {taskinstance.py:1378} INFO - 
--------------------------------------------------------------------------------
[2022-08-13 08:41:18,582] {taskinstance.py:1397} INFO - Executing <Task(PythonOperator): cr2> on 2022-08-13 08:41:12.085877+00:00
[2022-08-13 08:41:18,622] {standard_task_runner.py:52} INFO - Started process 1156 to run task
[2022-08-13 08:41:18,626] {standard_task_runner.py:79} INFO - Running: ['***', 'tasks', 'run', 'craw', 'cr2', 'manual__2022-08-13T08:41:12.085877+00:00', '--job-id', '37', '--raw', '--subdir', 'DAGS_FOLDER/newtest.py', '--cfg-path', '/tmp/tmpvw5c_sho', '--error-file', '/tmp/tmp8kbhat4f']
[2022-08-13 08:41:18,640] {standard_task_runner.py:80} INFO - Job 37: Subtask cr2
[2022-08-13 08:41:18,955] {task_command.py:371} INFO - Running <TaskInstance: craw.cr2 manual__2022-08-13T08:41:12.085877+00:00 [running]> on host cdb6935da655
[2022-08-13 08:41:19,948] {taskinstance.py:1591} INFO - Exporting the following env vars:
AIRFLOW_CTX_DAG_OWNER=***
AIRFLOW_CTX_DAG_ID=craw
AIRFLOW_CTX_TASK_ID=cr2
AIRFLOW_CTX_EXECUTION_DATE=2022-08-13T08:41:12.085877+00:00
AIRFLOW_CTX_TRY_NUMBER=1
AIRFLOW_CTX_DAG_RUN_ID=manual__2022-08-13T08:41:12.085877+00:00
[2022-08-13 08:41:19,953] {logger.py:11} INFO - ====== WebDriver manager ======
[2022-08-13 08:41:20,201] {logger.py:11} INFO - Get LATEST chromedriver version for google-chrome 104.0.5112
[2022-08-13 08:41:20,775] {logger.py:11} INFO - There is no [linux64] chromedriver for browser 104.0.5112 in cache
[2022-08-13 08:41:20,778] {logger.py:11} INFO - About to download new driver from https://chromedriver.storage.googleapis.com/104.0.5112.79/chromedriver_linux64.zip
[2022-08-13 08:41:24,752] {taskinstance.py:1909} ERROR - Task failed with exception
Traceback (most recent call last):
  File "/home/airflow/.local/lib/python3.7/site-packages/webdriver_manager/core/archive.py", line 39, in __extract_zip
    archive.extractall(to_directory)
  File "/usr/local/lib/python3.7/zipfile.py", line 1636, in extractall
    self._extract_member(zipinfo, path, pwd)
  File "/usr/local/lib/python3.7/zipfile.py", line 1691, in _extract_member
    shutil.copyfileobj(source, target)
  File "/usr/local/lib/python3.7/shutil.py", line 79, in copyfileobj
    buf = fsrc.read(length)
  File "/usr/local/lib/python3.7/zipfile.py", line 930, in read
    data = self._read1(n)
  File "/usr/local/lib/python3.7/zipfile.py", line 998, in _read1
    data += self._read2(n - len(data))
  File "/usr/local/lib/python3.7/zipfile.py", line 1033, in _read2
    raise EOFError
EOFError

During handling of the above exception, another exception occurred:

Traceback (most recent call last):
  File "/home/airflow/.local/lib/python3.7/site-packages/airflow/operators/python.py", line 171, in execute
    return_value = self.execute_callable()
  File "/home/airflow/.local/lib/python3.7/site-packages/airflow/operators/python.py", line 189, in execute_callable
    return self.python_callable(*self.op_args, **self.op_kwargs)
  File "/opt/airflow/dags/newtest.py", line 40, in crawling
    driver=webdriver.Chrome(ChromeDriverManager().install(),options=chrome_options)
  File "/home/airflow/.local/lib/python3.7/site-packages/webdriver_manager/chrome.py", line 38, in install
    driver_path = self._get_driver_path(self.driver)
  File "/home/airflow/.local/lib/python3.7/site-packages/webdriver_manager/core/manager.py", line 32, in _get_driver_path
    binary_path = self.driver_cache.save_file_to_cache(driver, file)
  File "/home/airflow/.local/lib/python3.7/site-packages/webdriver_manager/core/driver_cache.py", line 47, in save_file_to_cache
    files = archive.unpack(path)
  File "/home/airflow/.local/lib/python3.7/site-packages/webdriver_manager/core/archive.py", line 30, in unpack
    return self.__extract_zip(directory)
  File "/home/airflow/.local/lib/python3.7/site-packages/webdriver_manager/core/archive.py", line 41, in __extract_zip
    if e.args[0] not in [26, 13] and e.args[1] not in [
IndexError: tuple index out of range
[2022-08-13 08:41:24,809] {taskinstance.py:1420} INFO - Marking task as UP_FOR_RETRY. dag_id=craw, task_id=cr2, execution_date=20220813T084112, start_date=20220813T084117, end_date=20220813T084124
[2022-08-13 08:41:28,375] {standard_task_runner.py:97} ERROR - Failed to execute job 37 for task cr2 (tuple index out of range; 1156)
[2022-08-13 08:41:28,415] {local_task_job.py:156} INFO - Task exited with return code 1
[2022-08-13 08:41:28,532] {local_task_job.py:273} INFO - 0 downstream tasks scheduled from follow-on schedule check
