[2022-08-18 04:38:57,832] {taskinstance.py:1179} INFO - Dependencies all met for <TaskInstance: craw.cr4 manual__2022-08-18T04:38:28.162136+00:00 [queued]>
[2022-08-18 04:38:57,986] {taskinstance.py:1179} INFO - Dependencies all met for <TaskInstance: craw.cr4 manual__2022-08-18T04:38:28.162136+00:00 [queued]>
[2022-08-18 04:38:57,992] {taskinstance.py:1376} INFO - 
--------------------------------------------------------------------------------
[2022-08-18 04:38:57,997] {taskinstance.py:1377} INFO - Starting attempt 1 of 2
[2022-08-18 04:38:58,006] {taskinstance.py:1378} INFO - 
--------------------------------------------------------------------------------
[2022-08-18 04:38:58,206] {taskinstance.py:1397} INFO - Executing <Task(PythonOperator): cr4> on 2022-08-18 04:38:28.162136+00:00
[2022-08-18 04:38:58,286] {standard_task_runner.py:52} INFO - Started process 2125 to run task
[2022-08-18 04:38:58,437] {standard_task_runner.py:79} INFO - Running: ['***', 'tasks', 'run', 'craw', 'cr4', 'manual__2022-08-18T04:38:28.162136+00:00', '--job-id', '178', '--raw', '--subdir', 'DAGS_FOLDER/newtest.py', '--cfg-path', '/tmp/tmpjl6_1fws', '--error-file', '/tmp/tmp6mzm52kv']
[2022-08-18 04:38:58,455] {standard_task_runner.py:80} INFO - Job 178: Subtask cr4
[2022-08-18 04:38:59,454] {task_command.py:371} INFO - Running <TaskInstance: craw.cr4 manual__2022-08-18T04:38:28.162136+00:00 [running]> on host d59619969b18
[2022-08-18 04:39:00,757] {taskinstance.py:1591} INFO - Exporting the following env vars:
AIRFLOW_CTX_DAG_OWNER=***
AIRFLOW_CTX_DAG_ID=craw
AIRFLOW_CTX_TASK_ID=cr4
AIRFLOW_CTX_EXECUTION_DATE=2022-08-18T04:38:28.162136+00:00
AIRFLOW_CTX_TRY_NUMBER=1
AIRFLOW_CTX_DAG_RUN_ID=manual__2022-08-18T04:38:28.162136+00:00
[2022-08-18 04:39:06,857] {base.py:68} INFO - Using connection ID 'mysql' for task execution.
[2022-08-18 04:39:06,873] {logger.py:11} INFO - ====== WebDriver manager ======
[2022-08-18 04:39:07,686] {logger.py:11} INFO - Get LATEST chromedriver version for google-chrome 104.0.5112
[2022-08-18 04:39:11,879] {logger.py:11} INFO - Driver [/home/***/.wdm/drivers/chromedriver/linux64/104.0.5112/chromedriver] found in cache
[2022-08-18 04:39:53,706] {taskinstance.py:1909} ERROR - Task failed with exception
Traceback (most recent call last):
  File "/home/airflow/.local/lib/python3.7/site-packages/airflow/operators/python.py", line 171, in execute
    return_value = self.execute_callable()
  File "/home/airflow/.local/lib/python3.7/site-packages/airflow/operators/python.py", line 189, in execute_callable
    return self.python_callable(*self.op_args, **self.op_kwargs)
  File "/opt/airflow/dags/newtest.py", line 60, in crawling
    scroll=driver.find_element(By.XPATH,'//*[@id="__next"]/div/div[2]/div[2]/div[3]/div[1]/ul/div/div[{}]/li/div/div[2]/div[1]/a'.format(i))
  File "/home/airflow/.local/lib/python3.7/site-packages/selenium/webdriver/remote/webdriver.py", line 859, in find_element
    'value': value})['value']
  File "/home/airflow/.local/lib/python3.7/site-packages/selenium/webdriver/remote/webdriver.py", line 435, in execute
    self.error_handler.check_response(response)
  File "/home/airflow/.local/lib/python3.7/site-packages/selenium/webdriver/remote/errorhandler.py", line 247, in check_response
    raise exception_class(message, screen, stacktrace)
selenium.common.exceptions.NoSuchElementException: Message: no such element: Unable to locate element: {"method":"xpath","selector":"//*[@id="__next"]/div/div[2]/div[2]/div[3]/div[1]/ul/div/div[15]/li/div/div[2]/div[1]/a"}
  (Session info: headless chrome=104.0.5112.79)
Stacktrace:
#0 0x55bc6b081403 <unknown>
#1 0x55bc6ae87778 <unknown>
#2 0x55bc6aebec87 <unknown>
#3 0x55bc6aebee51 <unknown>
#4 0x55bc6aef1f24 <unknown>
#5 0x55bc6aedca2d <unknown>
#6 0x55bc6aeefc74 <unknown>
#7 0x55bc6aedc8f3 <unknown>
#8 0x55bc6aeb20d8 <unknown>
#9 0x55bc6aeb3205 <unknown>
#10 0x55bc6b0c8e3d <unknown>
#11 0x55bc6b0cbdb6 <unknown>
#12 0x55bc6b0b213e <unknown>
#13 0x55bc6b0cc9b5 <unknown>
#14 0x55bc6b0a6970 <unknown>
#15 0x55bc6b0e9228 <unknown>
#16 0x55bc6b0e93bf <unknown>
#17 0x55bc6b103abe <unknown>
#18 0x7f65759cbea7 <unknown>

[2022-08-18 04:39:54,082] {taskinstance.py:1420} INFO - Marking task as UP_FOR_RETRY. dag_id=craw, task_id=cr4, execution_date=20220818T043828, start_date=20220818T043857, end_date=20220818T043954
[2022-08-18 04:39:54,334] {standard_task_runner.py:97} ERROR - Failed to execute job 178 for task cr4 (Message: no such element: Unable to locate element: {"method":"xpath","selector":"//*[@id="__next"]/div/div[2]/div[2]/div[3]/div[1]/ul/div/div[15]/li/div/div[2]/div[1]/a"}
  (Session info: headless chrome=104.0.5112.79)
Stacktrace:
#0 0x55bc6b081403 <unknown>
#1 0x55bc6ae87778 <unknown>
#2 0x55bc6aebec87 <unknown>
#3 0x55bc6aebee51 <unknown>
#4 0x55bc6aef1f24 <unknown>
#5 0x55bc6aedca2d <unknown>
#6 0x55bc6aeefc74 <unknown>
#7 0x55bc6aedc8f3 <unknown>
#8 0x55bc6aeb20d8 <unknown>
#9 0x55bc6aeb3205 <unknown>
#10 0x55bc6b0c8e3d <unknown>
#11 0x55bc6b0cbdb6 <unknown>
#12 0x55bc6b0b213e <unknown>
#13 0x55bc6b0cc9b5 <unknown>
#14 0x55bc6b0a6970 <unknown>
#15 0x55bc6b0e9228 <unknown>
#16 0x55bc6b0e93bf <unknown>
#17 0x55bc6b103abe <unknown>
#18 0x7f65759cbea7 <unknown>
; 2125)
[2022-08-18 04:39:54,392] {local_task_job.py:156} INFO - Task exited with return code 1
[2022-08-18 04:39:54,527] {local_task_job.py:273} INFO - 0 downstream tasks scheduled from follow-on schedule check
