[2022-08-11 05:44:03,108] {taskinstance.py:1179} INFO - Dependencies all met for <TaskInstance: craw.result manual__2022-08-11T05:32:30.559219+00:00 [queued]>
[2022-08-11 05:44:03,127] {taskinstance.py:1179} INFO - Dependencies all met for <TaskInstance: craw.result manual__2022-08-11T05:32:30.559219+00:00 [queued]>
[2022-08-11 05:44:03,128] {taskinstance.py:1376} INFO - 
--------------------------------------------------------------------------------
[2022-08-11 05:44:03,129] {taskinstance.py:1377} INFO - Starting attempt 3 of 3
[2022-08-11 05:44:03,130] {taskinstance.py:1378} INFO - 
--------------------------------------------------------------------------------
[2022-08-11 05:44:03,160] {taskinstance.py:1397} INFO - Executing <Task(PythonOperator): result> on 2022-08-11 05:32:30.559219+00:00
[2022-08-11 05:44:03,169] {standard_task_runner.py:52} INFO - Started process 15826 to run task
[2022-08-11 05:44:03,176] {standard_task_runner.py:79} INFO - Running: ['***', 'tasks', 'run', 'craw', 'result', 'manual__2022-08-11T05:32:30.559219+00:00', '--job-id', '87', '--raw', '--subdir', 'DAGS_FOLDER/newtest.py', '--cfg-path', '/tmp/tmp8ylxjfhu', '--error-file', '/tmp/tmp8offr8ec']
[2022-08-11 05:44:03,179] {standard_task_runner.py:80} INFO - Job 87: Subtask result
[2022-08-11 05:44:03,312] {task_command.py:371} INFO - Running <TaskInstance: craw.result manual__2022-08-11T05:32:30.559219+00:00 [running]> on host d59619969b18
[2022-08-11 05:44:03,464] {taskinstance.py:1591} INFO - Exporting the following env vars:
AIRFLOW_CTX_DAG_OWNER=***
AIRFLOW_CTX_DAG_ID=craw
AIRFLOW_CTX_TASK_ID=result
AIRFLOW_CTX_EXECUTION_DATE=2022-08-11T05:32:30.559219+00:00
AIRFLOW_CTX_TRY_NUMBER=3
AIRFLOW_CTX_DAG_RUN_ID=manual__2022-08-11T05:32:30.559219+00:00
[2022-08-11 05:44:03,467] {taskinstance.py:1909} ERROR - Task failed with exception
Traceback (most recent call last):
  File "/home/airflow/.local/lib/python3.7/site-packages/airflow/operators/python.py", line 171, in execute
    return_value = self.execute_callable()
  File "/home/airflow/.local/lib/python3.7/site-packages/airflow/operators/python.py", line 189, in execute_callable
    return self.python_callable(*self.op_args, **self.op_kwargs)
  File "/opt/airflow/dags/newtest.py", line 107, in re
    result.append(ti.xcom_pull(task_ids='cr2'))
AttributeError: 'dict' object has no attribute 'xcom_pull'
[2022-08-11 05:44:03,779] {taskinstance.py:1420} INFO - Marking task as FAILED. dag_id=craw, task_id=result, execution_date=20220811T053230, start_date=20220811T054403, end_date=20220811T054403
[2022-08-11 05:44:03,809] {standard_task_runner.py:97} ERROR - Failed to execute job 87 for task result ('dict' object has no attribute 'xcom_pull'; 15826)
[2022-08-11 05:44:03,870] {local_task_job.py:156} INFO - Task exited with return code 1
[2022-08-11 05:44:03,962] {local_task_job.py:273} INFO - 0 downstream tasks scheduled from follow-on schedule check
