[2022-08-18 04:23:54,435] {taskinstance.py:1179} INFO - Dependencies all met for <TaskInstance: craw.cr1 scheduled__2022-08-15T14:55:00+00:00 [queued]>
[2022-08-18 04:23:55,907] {taskinstance.py:1179} INFO - Dependencies all met for <TaskInstance: craw.cr1 scheduled__2022-08-15T14:55:00+00:00 [queued]>
[2022-08-18 04:23:55,996] {taskinstance.py:1376} INFO - 
--------------------------------------------------------------------------------
[2022-08-18 04:23:56,106] {taskinstance.py:1377} INFO - Starting attempt 1 of 2
[2022-08-18 04:23:56,283] {taskinstance.py:1378} INFO - 
--------------------------------------------------------------------------------
[2022-08-18 04:24:07,236] {taskinstance.py:1397} INFO - Executing <Task(PythonOperator): cr1> on 2022-08-15 14:55:00+00:00
[2022-08-18 04:24:11,131] {standard_task_runner.py:52} INFO - Started process 145 to run task
[2022-08-18 04:24:15,138] {standard_task_runner.py:79} INFO - Running: ['***', 'tasks', 'run', 'craw', 'cr1', 'scheduled__2022-08-15T14:55:00+00:00', '--job-id', '144', '--raw', '--subdir', 'DAGS_FOLDER/newtest.py', '--cfg-path', '/tmp/tmpx1mva5b0', '--error-file', '/tmp/tmp7ybkuk7o']
[2022-08-18 04:24:15,325] {standard_task_runner.py:80} INFO - Job 144: Subtask cr1
[2022-08-18 04:24:31,723] {task_command.py:371} INFO - Running <TaskInstance: craw.cr1 scheduled__2022-08-15T14:55:00+00:00 [running]> on host d59619969b18
[2022-08-18 04:24:37,716] {taskinstance.py:1591} INFO - Exporting the following env vars:
AIRFLOW_CTX_DAG_OWNER=***
AIRFLOW_CTX_DAG_ID=craw
AIRFLOW_CTX_TASK_ID=cr1
AIRFLOW_CTX_EXECUTION_DATE=2022-08-15T14:55:00+00:00
AIRFLOW_CTX_TRY_NUMBER=1
AIRFLOW_CTX_DAG_RUN_ID=scheduled__2022-08-15T14:55:00+00:00
[2022-08-18 04:27:01,231] {taskinstance.py:1909} ERROR - Task failed with exception
Traceback (most recent call last):
  File "/home/airflow/.local/lib/python3.7/site-packages/airflow/operators/python.py", line 171, in execute
    return_value = self.execute_callable()
  File "/home/airflow/.local/lib/python3.7/site-packages/airflow/operators/python.py", line 189, in execute_callable
    return self.python_callable(*self.op_args, **self.op_kwargs)
  File "/opt/airflow/dags/newtest.py", line 40, in crawling
    conn= mysql_hook.get_conn()
  File "/home/airflow/.local/lib/python3.7/site-packages/airflow/providers/mysql/hooks/mysql.py", line 158, in get_conn
    conn = self.connection or self.get_connection(getattr(self, self.conn_name_attr))
  File "/home/airflow/.local/lib/python3.7/site-packages/airflow/hooks/base.py", line 67, in get_connection
    conn = Connection.get_connection_from_secrets(conn_id)
  File "/home/airflow/.local/lib/python3.7/site-packages/airflow/models/connection.py", line 430, in get_connection_from_secrets
    raise AirflowNotFoundException(f"The conn_id `{conn_id}` isn't defined")
airflow.exceptions.AirflowNotFoundException: The conn_id `mysql` isn't defined
[2022-08-18 04:27:01,307] {taskinstance.py:1420} INFO - Marking task as UP_FOR_RETRY. dag_id=craw, task_id=cr1, execution_date=20220815T145500, start_date=20220818T042354, end_date=20220818T042701
[2022-08-18 04:27:01,451] {standard_task_runner.py:97} ERROR - Failed to execute job 144 for task cr1 (The conn_id `mysql` isn't defined; 145)
[2022-08-18 04:27:01,581] {local_task_job.py:156} INFO - Task exited with return code 1
[2022-08-18 04:27:01,921] {local_task_job.py:273} INFO - 0 downstream tasks scheduled from follow-on schedule check
[2022-08-18 04:27:02,094] {dagrun.py:1081} ERROR - Failed to get task '<TaskInstance: craw.con scheduled__2022-08-15T14:55:00+00:00 [removed]>' for dag 'craw'. Marking it as removed.
[2022-08-18 13:12:37,695] {taskinstance.py:1179} INFO - Dependencies all met for <TaskInstance: craw.cr1 scheduled__2022-08-15T14:55:00+00:00 [queued]>
[2022-08-18 13:12:37,771] {taskinstance.py:1179} INFO - Dependencies all met for <TaskInstance: craw.cr1 scheduled__2022-08-15T14:55:00+00:00 [queued]>
[2022-08-18 13:12:37,797] {taskinstance.py:1376} INFO - 
--------------------------------------------------------------------------------
[2022-08-18 13:12:37,843] {taskinstance.py:1377} INFO - Starting attempt 1 of 2
[2022-08-18 13:12:37,857] {taskinstance.py:1378} INFO - 
--------------------------------------------------------------------------------
[2022-08-18 13:12:38,039] {taskinstance.py:1397} INFO - Executing <Task(PythonOperator): cr1> on 2022-08-15 14:55:00+00:00
[2022-08-18 13:12:38,232] {standard_task_runner.py:52} INFO - Started process 219 to run task
[2022-08-18 13:12:38,264] {standard_task_runner.py:79} INFO - Running: ['***', 'tasks', 'run', 'craw', 'cr1', 'scheduled__2022-08-15T14:55:00+00:00', '--job-id', '120', '--raw', '--subdir', 'DAGS_FOLDER/newtest.py', '--cfg-path', '/tmp/tmpqy7q4uxx', '--error-file', '/tmp/tmpfi9yey44']
[2022-08-18 13:12:38,330] {standard_task_runner.py:80} INFO - Job 120: Subtask cr1
[2022-08-18 13:12:39,138] {task_command.py:371} INFO - Running <TaskInstance: craw.cr1 scheduled__2022-08-15T14:55:00+00:00 [running]> on host cdb6935da655
[2022-08-18 13:12:39,903] {taskinstance.py:1591} INFO - Exporting the following env vars:
AIRFLOW_CTX_DAG_OWNER=***
AIRFLOW_CTX_DAG_ID=craw
AIRFLOW_CTX_TASK_ID=cr1
AIRFLOW_CTX_EXECUTION_DATE=2022-08-15T14:55:00+00:00
AIRFLOW_CTX_TRY_NUMBER=1
AIRFLOW_CTX_DAG_RUN_ID=scheduled__2022-08-15T14:55:00+00:00
[2022-08-18 13:12:39,952] {base.py:68} INFO - Using connection ID 'mysql' for task execution.
[2022-08-18 13:12:39,967] {logger.py:11} INFO - ====== WebDriver manager ======
[2022-08-18 13:12:41,128] {logger.py:11} INFO - Get LATEST chromedriver version for google-chrome 104.0.5112
[2022-08-18 13:12:43,875] {local_task_job.py:221} WARNING - State of this instance has been externally set to failed. Terminating instance.
[2022-08-18 13:12:43,913] {process_utils.py:129} INFO - Sending Signals.SIGTERM to group 219. PIDs of all processes in the group: [219]
[2022-08-18 13:12:43,926] {process_utils.py:80} INFO - Sending the signal Signals.SIGTERM to group 219
[2022-08-18 13:12:43,959] {taskinstance.py:1561} ERROR - Received SIGTERM. Terminating subprocesses.
[2022-08-18 13:12:44,374] {process_utils.py:75} INFO - Process psutil.Process(pid=219, status='terminated', exitcode=0, started='13:12:38') (219) terminated with exit code 0
