[2022-08-11 04:41:38,608] {taskinstance.py:1179} INFO - Dependencies all met for <TaskInstance: craw.cr2 manual__2022-08-11T04:35:17.364741+00:00 [queued]>
[2022-08-11 04:41:38,634] {taskinstance.py:1179} INFO - Dependencies all met for <TaskInstance: craw.cr2 manual__2022-08-11T04:35:17.364741+00:00 [queued]>
[2022-08-11 04:41:38,635] {taskinstance.py:1376} INFO - 
--------------------------------------------------------------------------------
[2022-08-11 04:41:38,635] {taskinstance.py:1377} INFO - Starting attempt 2 of 2
[2022-08-11 04:41:38,636] {taskinstance.py:1378} INFO - 
--------------------------------------------------------------------------------
[2022-08-11 04:41:38,671] {taskinstance.py:1397} INFO - Executing <Task(PythonOperator): cr2> on 2022-08-11 04:35:17.364741+00:00
[2022-08-11 04:41:38,679] {standard_task_runner.py:52} INFO - Started process 10188 to run task
[2022-08-11 04:41:38,686] {standard_task_runner.py:79} INFO - Running: ['***', 'tasks', 'run', 'craw', 'cr2', 'manual__2022-08-11T04:35:17.364741+00:00', '--job-id', '66', '--raw', '--subdir', 'DAGS_FOLDER/newtest.py', '--cfg-path', '/tmp/tmpar9uxuo5', '--error-file', '/tmp/tmpvn28j7m_']
[2022-08-11 04:41:38,689] {standard_task_runner.py:80} INFO - Job 66: Subtask cr2
[2022-08-11 04:41:38,812] {task_command.py:371} INFO - Running <TaskInstance: craw.cr2 manual__2022-08-11T04:35:17.364741+00:00 [running]> on host d59619969b18
[2022-08-11 04:41:38,925] {taskinstance.py:1591} INFO - Exporting the following env vars:
AIRFLOW_CTX_DAG_OWNER=***
AIRFLOW_CTX_DAG_ID=craw
AIRFLOW_CTX_TASK_ID=cr2
AIRFLOW_CTX_EXECUTION_DATE=2022-08-11T04:35:17.364741+00:00
AIRFLOW_CTX_TRY_NUMBER=2
AIRFLOW_CTX_DAG_RUN_ID=manual__2022-08-11T04:35:17.364741+00:00
[2022-08-11 04:41:38,927] {logger.py:11} INFO - ====== WebDriver manager ======
[2022-08-11 04:41:39,187] {logger.py:11} INFO - Get LATEST chromedriver version for google-chrome 104.0.5112
[2022-08-11 04:41:39,926] {logger.py:11} INFO - Driver [/home/***/.wdm/drivers/chromedriver/linux64/104.0.5112/chromedriver] found in cache
[2022-08-11 04:42:46,728] {taskinstance.py:1909} ERROR - Task failed with exception
Traceback (most recent call last):
  File "/home/airflow/.local/lib/python3.7/site-packages/airflow/operators/python.py", line 171, in execute
    return_value = self.execute_callable()
  File "/home/airflow/.local/lib/python3.7/site-packages/airflow/operators/python.py", line 189, in execute_callable
    return self.python_callable(*self.op_args, **self.op_kwargs)
  File "/opt/airflow/dags/newtest.py", line 93, in crawling
    lists.append((image, name, price, review))
NameError: name 'lists' is not defined
[2022-08-11 04:42:46,748] {taskinstance.py:1420} INFO - Marking task as FAILED. dag_id=craw, task_id=cr2, execution_date=20220811T043517, start_date=20220811T044138, end_date=20220811T044246
[2022-08-11 04:42:46,775] {standard_task_runner.py:97} ERROR - Failed to execute job 66 for task cr2 (name 'lists' is not defined; 10188)
[2022-08-11 04:42:46,790] {local_task_job.py:156} INFO - Task exited with return code 1
[2022-08-11 04:42:46,847] {local_task_job.py:273} INFO - 0 downstream tasks scheduled from follow-on schedule check
