[2022-08-18 15:24:57,022] {taskinstance.py:1179} INFO - Dependencies all met for <TaskInstance: craw.cr2 scheduled__2022-08-17T14:55:00+00:00 [queued]>
[2022-08-18 15:24:57,073] {taskinstance.py:1179} INFO - Dependencies all met for <TaskInstance: craw.cr2 scheduled__2022-08-17T14:55:00+00:00 [queued]>
[2022-08-18 15:24:57,090] {taskinstance.py:1376} INFO - 
--------------------------------------------------------------------------------
[2022-08-18 15:24:57,099] {taskinstance.py:1377} INFO - Starting attempt 1 of 2
[2022-08-18 15:24:57,110] {taskinstance.py:1378} INFO - 
--------------------------------------------------------------------------------
[2022-08-18 15:24:57,369] {taskinstance.py:1397} INFO - Executing <Task(PythonOperator): cr2> on 2022-08-17 14:55:00+00:00
[2022-08-18 15:24:57,431] {standard_task_runner.py:52} INFO - Started process 105 to run task
[2022-08-18 15:24:57,476] {standard_task_runner.py:79} INFO - Running: ['***', 'tasks', 'run', 'craw', 'cr2', 'scheduled__2022-08-17T14:55:00+00:00', '--job-id', '180', '--raw', '--subdir', 'DAGS_FOLDER/newtest.py', '--cfg-path', '/tmp/tmpg5i26spp', '--error-file', '/tmp/tmpu739t53k']
[2022-08-18 15:24:57,496] {standard_task_runner.py:80} INFO - Job 180: Subtask cr2
[2022-08-18 15:24:58,065] {task_command.py:371} INFO - Running <TaskInstance: craw.cr2 scheduled__2022-08-17T14:55:00+00:00 [running]> on host a73b00663d46
[2022-08-18 15:24:59,421] {taskinstance.py:1589} INFO - Exporting the following env vars:
AIRFLOW_CTX_DAG_OWNER=***
AIRFLOW_CTX_DAG_ID=craw
AIRFLOW_CTX_TASK_ID=cr2
AIRFLOW_CTX_EXECUTION_DATE=2022-08-17T14:55:00+00:00
AIRFLOW_CTX_TRY_NUMBER=1
AIRFLOW_CTX_DAG_RUN_ID=scheduled__2022-08-17T14:55:00+00:00
[2022-08-18 15:24:59,617] {base.py:68} INFO - Using connection ID 'mysql' for task execution.
[2022-08-18 15:24:59,661] {logger.py:11} INFO - ====== WebDriver manager ======
[2022-08-18 15:25:00,843] {logger.py:11} INFO - Get LATEST chromedriver version for google-chrome 104.0.5112
[2022-08-18 15:25:02,133] {logger.py:11} INFO - There is no [linux64] chromedriver for browser 104.0.5112 in cache
[2022-08-18 15:25:02,152] {logger.py:11} INFO - About to download new driver from https://chromedriver.storage.googleapis.com/104.0.5112.79/chromedriver_linux64.zip
[2022-08-18 15:25:28,802] {taskinstance.py:1909} ERROR - Task failed with exception
Traceback (most recent call last):
  File "/home/airflow/.local/lib/python3.8/site-packages/webdriver_manager/core/archive.py", line 39, in __extract_zip
    archive.extractall(to_directory)
  File "/usr/local/lib/python3.8/zipfile.py", line 1647, in extractall
    self._extract_member(zipinfo, path, pwd)
  File "/usr/local/lib/python3.8/zipfile.py", line 1702, in _extract_member
    shutil.copyfileobj(source, target)
  File "/usr/local/lib/python3.8/shutil.py", line 205, in copyfileobj
    buf = fsrc_read(length)
  File "/usr/local/lib/python3.8/zipfile.py", line 940, in read
    data = self._read1(n)
  File "/usr/local/lib/python3.8/zipfile.py", line 1008, in _read1
    data += self._read2(n - len(data))
  File "/usr/local/lib/python3.8/zipfile.py", line 1043, in _read2
    raise EOFError
EOFError

During handling of the above exception, another exception occurred:

Traceback (most recent call last):
  File "/home/airflow/.local/lib/python3.8/site-packages/airflow/operators/python.py", line 171, in execute
    return_value = self.execute_callable()
  File "/home/airflow/.local/lib/python3.8/site-packages/airflow/operators/python.py", line 189, in execute_callable
    return self.python_callable(*self.op_args, **self.op_kwargs)
  File "/opt/airflow/dags/newtest.py", line 43, in crawling
    driver=webdriver.Chrome(ChromeDriverManager().install(),options=chrome_options)
  File "/home/airflow/.local/lib/python3.8/site-packages/webdriver_manager/chrome.py", line 38, in install
    driver_path = self._get_driver_path(self.driver)
  File "/home/airflow/.local/lib/python3.8/site-packages/webdriver_manager/core/manager.py", line 32, in _get_driver_path
    binary_path = self.driver_cache.save_file_to_cache(driver, file)
  File "/home/airflow/.local/lib/python3.8/site-packages/webdriver_manager/core/driver_cache.py", line 47, in save_file_to_cache
    files = archive.unpack(path)
  File "/home/airflow/.local/lib/python3.8/site-packages/webdriver_manager/core/archive.py", line 30, in unpack
    return self.__extract_zip(directory)
  File "/home/airflow/.local/lib/python3.8/site-packages/webdriver_manager/core/archive.py", line 41, in __extract_zip
    if e.args[0] not in [26, 13] and e.args[1] not in [
IndexError: tuple index out of range
[2022-08-18 15:25:29,457] {taskinstance.py:1415} INFO - Marking task as UP_FOR_RETRY. dag_id=craw, task_id=cr2, execution_date=20220817T145500, start_date=20220818T152457, end_date=20220818T152529
[2022-08-18 15:25:36,900] {standard_task_runner.py:92} ERROR - Failed to execute job 180 for task cr2 (tuple index out of range; 105)
[2022-08-18 15:25:37,572] {local_task_job.py:156} INFO - Task exited with return code 1
[2022-08-18 15:25:37,718] {local_task_job.py:273} INFO - 0 downstream tasks scheduled from follow-on schedule check
